[2024/09/18 18:14:23.992] - Starting server with initial configuration: {"gasLimit":6721975,"gasPrice":20000000000,"hardfork":"merge","hostname":"127.0.0.1","port":7545,"network_id":5777,"default_balance_ether":100,"total_accounts":10,"unlocked_accounts":[],"locked":false,"vmErrorsOnRPCResponse":true,"verbose":true,"flavor":"ethereum","db_path":"C:\\Users\\conno\\AppData\\Roaming\\Ganache\\ui\\workspaces\\bent-rail\\chaindata","mnemonic":"pet emerge demand sock sad category matrix keen salon giant apart panic","logDirectory":"C:\\Users\\conno\\Desktop\\MSC\\Project\\ganache_log"}
[2024/09/18 18:14:24.092] -    >  eth_subscribe: [
   >   "newHeads"
   > ]
[2024/09/18 18:14:24.092] -    >  eth_getLogs: [
   >   {
   >     "fromBlock": null,
   >     "topics": []
   >   }
   > ]
[2024/09/18 18:14:24.092] -    >  eth_subscribe: [
   >   "logs",
   >   {
   >     "topics": []
   >   }
   > ]
[2024/09/18 18:14:24.111] -    >  eth_subscribe: [
   >   "newHeads"
   > ]
[2024/09/18 18:14:24.111] -    >  eth_getLogs: [
   >   {
   >     "fromBlock": null,
   >     "topics": []
   >   }
   > ]
[2024/09/18 18:14:24.112] -    >  eth_subscribe: [
   >   "logs",
   >   {
   >     "topics": []
   >   }
   > ]
[2024/09/18 18:14:24.123] -    >  eth_blockNumber: []
[2024/09/18 18:14:24.123] -    >  eth_accounts: []
[2024/09/18 18:14:24.123] -    >  eth_gasPrice: []
[2024/09/18 18:14:24.123] -    >  eth_getBlockByNumber: [
   >   "latest",
   >   false
   > ]
[2024/09/18 18:14:24.135] -    >  eth_getBalance: [
   >   "0x292a3d5b317608c631dc34ad5d3f2ab9246869f8",
   >   "latest"
   > ]
[2024/09/18 18:14:24.137] -    >  eth_getTransactionCount: [
   >   "0x292a3d5b317608c631dc34ad5d3f2ab9246869f8",
   >   "latest"
   > ]
[2024/09/18 18:14:24.139] -    >  eth_getBalance: [
   >   "0x8f0d29534cc4a0accdefcfed9a76a6c13e3f1f1d",
   >   "latest"
   > ]
[2024/09/18 18:14:24.141] -    >  eth_getTransactionCount: [
   >   "0x8f0d29534cc4a0accdefcfed9a76a6c13e3f1f1d",
   >   "latest"
   > ]
[2024/09/18 18:14:24.144] -    >  eth_getBalance: [
   >   "0x73e79b6be7708c368d4e2d9083f4a49379897e8a",
   >   "latest"
   > ]
[2024/09/18 18:14:24.145] -    >  eth_getTransactionCount: [
   >   "0x73e79b6be7708c368d4e2d9083f4a49379897e8a",
   >   "latest"
   > ]
[2024/09/18 18:14:24.146] -    >  eth_getBalance: [
   >   "0xa1bb6135b52aa4c22e315e42d959726dbf03aaa4",
   >   "latest"
   > ]
[2024/09/18 18:14:24.147] -    >  eth_getTransactionCount: [
   >   "0xa1bb6135b52aa4c22e315e42d959726dbf03aaa4",
   >   "latest"
   > ]
[2024/09/18 18:14:24.149] -    >  eth_getBalance: [
   >   "0x777b0d3f323bce57429b475d212b021e708f688a",
   >   "latest"
   > ]
[2024/09/18 18:14:24.150] -    >  eth_getTransactionCount: [
   >   "0x777b0d3f323bce57429b475d212b021e708f688a",
   >   "latest"
   > ]
[2024/09/18 18:14:24.152] -    >  eth_getBalance: [
   >   "0xd2372e35a2d1af632e7d75e2af7fee0ca6fc09b4",
   >   "latest"
   > ]
[2024/09/18 18:14:24.153] -    >  eth_getTransactionCount: [
   >   "0xd2372e35a2d1af632e7d75e2af7fee0ca6fc09b4",
   >   "latest"
   > ]
[2024/09/18 18:14:24.155] -    >  eth_getBalance: [
   >   "0x6659a42ff39fd726a1da26a30cd2197a167b397b",
   >   "latest"
   > ]
[2024/09/18 18:14:24.156] -    >  eth_getTransactionCount: [
   >   "0x6659a42ff39fd726a1da26a30cd2197a167b397b",
   >   "latest"
   > ]
[2024/09/18 18:14:24.158] -    >  eth_getBalance: [
   >   "0xc7451e7487d3ae63a43abc9b4adcb84d7468c680",
   >   "latest"
   > ]
[2024/09/18 18:14:24.159] -    >  eth_getTransactionCount: [
   >   "0xc7451e7487d3ae63a43abc9b4adcb84d7468c680",
   >   "latest"
   > ]
[2024/09/18 18:14:24.161] -    >  eth_getBalance: [
   >   "0x188bb03df51eae5d271547125ff3c4b87d720e17",
   >   "latest"
   > ]
[2024/09/18 18:14:24.162] -    >  eth_getTransactionCount: [
   >   "0x188bb03df51eae5d271547125ff3c4b87d720e17",
   >   "latest"
   > ]
[2024/09/18 18:14:24.164] -    >  eth_getBalance: [
   >   "0xda807ee84c9c9e537a83299992f63ddc1a236522",
   >   "latest"
   > ]
[2024/09/18 18:14:24.166] -    >  eth_getTransactionCount: [
   >   "0xda807ee84c9c9e537a83299992f63ddc1a236522",
   >   "latest"
   > ]
[2024/09/18 18:14:24.167] -    >  eth_getBalance: [
   >   "0x292a3d5b317608c631dc34ad5d3f2ab9246869f8",
   >   "latest"
   > ]
[2024/09/18 18:14:24.168] -    >  eth_getTransactionCount: [
   >   "0x292a3d5b317608c631dc34ad5d3f2ab9246869f8",
   >   "latest"
   > ]
[2024/09/18 18:14:24.169] -    >  eth_getBalance: [
   >   "0x8f0d29534cc4a0accdefcfed9a76a6c13e3f1f1d",
   >   "latest"
   > ]
[2024/09/18 18:14:24.170] -    >  eth_getTransactionCount: [
   >   "0x8f0d29534cc4a0accdefcfed9a76a6c13e3f1f1d",
   >   "latest"
   > ]
[2024/09/18 18:14:24.172] -    >  eth_getBalance: [
   >   "0x73e79b6be7708c368d4e2d9083f4a49379897e8a",
   >   "latest"
   > ]
[2024/09/18 18:14:24.173] -    >  eth_getTransactionCount: [
   >   "0x73e79b6be7708c368d4e2d9083f4a49379897e8a",
   >   "latest"
   > ]
[2024/09/18 18:14:24.175] -    >  eth_getBalance: [
   >   "0xa1bb6135b52aa4c22e315e42d959726dbf03aaa4",
   >   "latest"
   > ]
[2024/09/18 18:14:24.176] -    >  eth_getTransactionCount: [
   >   "0xa1bb6135b52aa4c22e315e42d959726dbf03aaa4",
   >   "latest"
   > ]
[2024/09/18 18:14:24.177] -    >  eth_getBalance: [
   >   "0x777b0d3f323bce57429b475d212b021e708f688a",
   >   "latest"
   > ]
[2024/09/18 18:14:24.179] -    >  eth_getTransactionCount: [
   >   "0x777b0d3f323bce57429b475d212b021e708f688a",
   >   "latest"
   > ]
[2024/09/18 18:14:24.180] -    >  eth_getBalance: [
   >   "0xd2372e35a2d1af632e7d75e2af7fee0ca6fc09b4",
   >   "latest"
   > ]
[2024/09/18 18:14:24.181] -    >  eth_getTransactionCount: [
   >   "0xd2372e35a2d1af632e7d75e2af7fee0ca6fc09b4",
   >   "latest"
   > ]
[2024/09/18 18:14:24.182] -    >  eth_getBalance: [
   >   "0x6659a42ff39fd726a1da26a30cd2197a167b397b",
   >   "latest"
   > ]
[2024/09/18 18:14:24.184] -    >  eth_getTransactionCount: [
   >   "0x6659a42ff39fd726a1da26a30cd2197a167b397b",
   >   "latest"
   > ]
[2024/09/18 18:14:24.185] -    >  eth_getBalance: [
   >   "0xc7451e7487d3ae63a43abc9b4adcb84d7468c680",
   >   "latest"
   > ]
[2024/09/18 18:14:24.186] -    >  eth_getTransactionCount: [
   >   "0xc7451e7487d3ae63a43abc9b4adcb84d7468c680",
   >   "latest"
   > ]
[2024/09/18 18:14:24.187] -    >  eth_getBalance: [
   >   "0x188bb03df51eae5d271547125ff3c4b87d720e17",
   >   "latest"
   > ]
[2024/09/18 18:14:24.189] -    >  eth_getTransactionCount: [
   >   "0x188bb03df51eae5d271547125ff3c4b87d720e17",
   >   "latest"
   > ]
[2024/09/18 18:14:24.190] -    >  eth_getBalance: [
   >   "0xda807ee84c9c9e537a83299992f63ddc1a236522",
   >   "latest"
   > ]
[2024/09/18 18:14:24.191] -    >  eth_getTransactionCount: [
   >   "0xda807ee84c9c9e537a83299992f63ddc1a236522",
   >   "latest"
   > ]
[2024/09/18 18:14:24.199] -    >  eth_subscribe: [
   >   "newHeads"
   > ]
[2024/09/18 18:14:24.200] -    >  eth_blockNumber: []
[2024/09/18 18:14:24.201] -    >  eth_accounts: []
[2024/09/18 18:14:24.216] -    >  eth_gasPrice: []
[2024/09/18 18:14:24.217] -    >  eth_getBlockByNumber: [
   >   "latest",
   >   false
   > ]
[2024/09/18 18:14:24.217] -    >  eth_subscribe: [
   >   "newHeads"
   > ]
[2024/09/18 18:14:24.351] -    >  eth_getBalance: [
   >   "0x292a3d5b317608c631dc34ad5d3f2ab9246869f8",
   >   "latest"
   > ]
[2024/09/18 18:14:24.352] -    >  eth_getTransactionCount: [
   >   "0x292a3d5b317608c631dc34ad5d3f2ab9246869f8",
   >   "latest"
   > ]
[2024/09/18 18:14:24.353] -    >  eth_getBalance: [
   >   "0x8f0d29534cc4a0accdefcfed9a76a6c13e3f1f1d",
   >   "latest"
   > ]
[2024/09/18 18:14:24.354] -    >  eth_getTransactionCount: [
   >   "0x8f0d29534cc4a0accdefcfed9a76a6c13e3f1f1d",
   >   "latest"
   > ]
[2024/09/18 18:14:24.355] -    >  eth_getBalance: [
   >   "0x73e79b6be7708c368d4e2d9083f4a49379897e8a",
   >   "latest"
   > ]
[2024/09/18 18:14:24.356] -    >  eth_getTransactionCount: [
   >   "0x73e79b6be7708c368d4e2d9083f4a49379897e8a",
   >   "latest"
   > ]
[2024/09/18 18:14:24.357] -    >  eth_getBalance: [
   >   "0xa1bb6135b52aa4c22e315e42d959726dbf03aaa4",
   >   "latest"
   > ]
[2024/09/18 18:14:24.359] -    >  eth_getTransactionCount: [
   >   "0xa1bb6135b52aa4c22e315e42d959726dbf03aaa4",
   >   "latest"
   > ]
[2024/09/18 18:14:24.360] -    >  eth_getBalance: [
   >   "0x777b0d3f323bce57429b475d212b021e708f688a",
   >   "latest"
   > ]
[2024/09/18 18:14:24.361] -    >  eth_getTransactionCount: [
   >   "0x777b0d3f323bce57429b475d212b021e708f688a",
   >   "latest"
   > ]
[2024/09/18 18:14:24.362] -    >  eth_getBalance: [
   >   "0xd2372e35a2d1af632e7d75e2af7fee0ca6fc09b4",
   >   "latest"
   > ]
[2024/09/18 18:14:24.363] -    >  eth_getTransactionCount: [
   >   "0xd2372e35a2d1af632e7d75e2af7fee0ca6fc09b4",
   >   "latest"
   > ]
[2024/09/18 18:14:24.364] -    >  eth_getBalance: [
   >   "0x6659a42ff39fd726a1da26a30cd2197a167b397b",
   >   "latest"
   > ]
[2024/09/18 18:14:24.367] -    >  eth_getTransactionCount: [
   >   "0x6659a42ff39fd726a1da26a30cd2197a167b397b",
   >   "latest"
   > ]
[2024/09/18 18:14:24.368] -    >  eth_getBalance: [
   >   "0xc7451e7487d3ae63a43abc9b4adcb84d7468c680",
   >   "latest"
   > ]
[2024/09/18 18:14:24.369] -    >  eth_getTransactionCount: [
   >   "0xc7451e7487d3ae63a43abc9b4adcb84d7468c680",
   >   "latest"
   > ]
[2024/09/18 18:14:24.371] -    >  eth_getBalance: [
   >   "0x188bb03df51eae5d271547125ff3c4b87d720e17",
   >   "latest"
   > ]
[2024/09/18 18:14:24.371] -    >  eth_getTransactionCount: [
   >   "0x188bb03df51eae5d271547125ff3c4b87d720e17",
   >   "latest"
   > ]
[2024/09/18 18:14:24.373] -    >  eth_getBalance: [
   >   "0xda807ee84c9c9e537a83299992f63ddc1a236522",
   >   "latest"
   > ]
[2024/09/18 18:14:24.374] -    >  eth_getTransactionCount: [
   >   "0xda807ee84c9c9e537a83299992f63ddc1a236522",
   >   "latest"
   > ]
[2024/09/18 18:14:24.379] -    >  eth_getBalance: [
   >   "0x292a3d5b317608c631dc34ad5d3f2ab9246869f8",
   >   "latest"
   > ]
[2024/09/18 18:14:24.380] -    >  eth_getTransactionCount: [
   >   "0x292a3d5b317608c631dc34ad5d3f2ab9246869f8",
   >   "latest"
   > ]
[2024/09/18 18:14:24.383] -    >  eth_getBalance: [
   >   "0x8f0d29534cc4a0accdefcfed9a76a6c13e3f1f1d",
   >   "latest"
   > ]
[2024/09/18 18:14:24.384] -    >  eth_getTransactionCount: [
   >   "0x8f0d29534cc4a0accdefcfed9a76a6c13e3f1f1d",
   >   "latest"
   > ]
[2024/09/18 18:14:24.385] -    >  eth_getBalance: [
   >   "0x73e79b6be7708c368d4e2d9083f4a49379897e8a",
   >   "latest"
   > ]
[2024/09/18 18:14:24.387] -    >  eth_getTransactionCount: [
   >   "0x73e79b6be7708c368d4e2d9083f4a49379897e8a",
   >   "latest"
   > ]
[2024/09/18 18:14:24.388] -    >  eth_getBalance: [
   >   "0xa1bb6135b52aa4c22e315e42d959726dbf03aaa4",
   >   "latest"
   > ]
[2024/09/18 18:14:24.389] -    >  eth_getTransactionCount: [
   >   "0xa1bb6135b52aa4c22e315e42d959726dbf03aaa4",
   >   "latest"
   > ]
[2024/09/18 18:14:24.390] -    >  eth_getBalance: [
   >   "0x777b0d3f323bce57429b475d212b021e708f688a",
   >   "latest"
   > ]
[2024/09/18 18:14:24.391] -    >  eth_getTransactionCount: [
   >   "0x777b0d3f323bce57429b475d212b021e708f688a",
   >   "latest"
   > ]
[2024/09/18 18:14:24.392] -    >  eth_getBalance: [
   >   "0xd2372e35a2d1af632e7d75e2af7fee0ca6fc09b4",
   >   "latest"
   > ]
[2024/09/18 18:14:24.394] -    >  eth_getTransactionCount: [
   >   "0xd2372e35a2d1af632e7d75e2af7fee0ca6fc09b4",
   >   "latest"
   > ]
[2024/09/18 18:14:24.395] -    >  eth_getBalance: [
   >   "0x6659a42ff39fd726a1da26a30cd2197a167b397b",
   >   "latest"
   > ]
[2024/09/18 18:14:24.396] -    >  eth_getTransactionCount: [
   >   "0x6659a42ff39fd726a1da26a30cd2197a167b397b",
   >   "latest"
   > ]
[2024/09/18 18:14:24.397] -    >  eth_getBalance: [
   >   "0xc7451e7487d3ae63a43abc9b4adcb84d7468c680",
   >   "latest"
   > ]
[2024/09/18 18:14:24.401] -    >  eth_getTransactionCount: [
   >   "0xc7451e7487d3ae63a43abc9b4adcb84d7468c680",
   >   "latest"
   > ]
[2024/09/18 18:14:24.402] -    >  eth_getBalance: [
   >   "0x188bb03df51eae5d271547125ff3c4b87d720e17",
   >   "latest"
   > ]
[2024/09/18 18:14:24.403] -    >  eth_getTransactionCount: [
   >   "0x188bb03df51eae5d271547125ff3c4b87d720e17",
   >   "latest"
   > ]
[2024/09/18 18:14:24.404] -    >  eth_getBalance: [
   >   "0xda807ee84c9c9e537a83299992f63ddc1a236522",
   >   "latest"
   > ]
[2024/09/18 18:14:24.405] -    >  eth_getTransactionCount: [
   >   "0xda807ee84c9c9e537a83299992f63ddc1a236522",
   >   "latest"
   > ]
[2024/09/18 18:14:33.171] -    >  eth_blockNumber: []
[2024/09/18 18:14:33.183] -    >  net_version: []
[2024/09/18 18:14:33.188] -    >  eth_accounts: []
[2024/09/18 18:30:23.307] -    >  eth_blockNumber: []
[2024/09/18 18:30:23.322] -    >  net_version: []
[2024/09/18 18:30:23.330] -    >  eth_accounts: []
[2024/09/18 18:30:58.275] -    >  eth_unsubscribe: [
   >   "0x3"
   > ]
[2024/09/18 18:30:58.276] -    >  eth_unsubscribe: [
   >   "0x4"
   > ]
