[2024/09/18 18:31:08.338] - Starting server with initial configuration: {"gasLimit":6721975,"gasPrice":20000000000,"hardfork":"merge","hostname":"127.0.0.1","port":7545,"network_id":5777,"default_balance_ether":100,"total_accounts":10,"unlocked_accounts":[],"locked":false,"vmErrorsOnRPCResponse":true,"verbose":true,"flavor":"ethereum","db_path":"C:\\Users\\conno\\AppData\\Roaming\\Ganache\\ui\\workspaces\\bent-rail\\chaindata","mnemonic":"pet emerge demand sock sad category matrix keen salon giant apart panic","logDirectory":"C:\\Users\\conno\\Desktop\\MSC\\Project\\ganache_log"}
[2024/09/18 18:31:08.443] -    >  eth_subscribe: [
   >   "newHeads"
   > ]
[2024/09/18 18:31:08.443] -    >  eth_getLogs: [
   >   {
   >     "fromBlock": null,
   >     "topics": []
   >   }
   > ]
[2024/09/18 18:31:08.445] -    >  eth_subscribe: [
   >   "logs",
   >   {
   >     "topics": []
   >   }
   > ]
[2024/09/18 18:31:08.476] -    >  eth_subscribe: [
   >   "newHeads"
   > ]
[2024/09/18 18:31:08.476] -    >  eth_getLogs: [
   >   {
   >     "fromBlock": null,
   >     "topics": []
   >   }
   > ]
[2024/09/18 18:31:08.477] -    >  eth_subscribe: [
   >   "logs",
   >   {
   >     "topics": []
   >   }
   > ]
[2024/09/18 18:31:08.493] -    >  eth_blockNumber: []
[2024/09/18 18:31:08.494] -    >  eth_accounts: []
[2024/09/18 18:31:08.494] -    >  eth_gasPrice: []
[2024/09/18 18:31:08.495] -    >  eth_getBlockByNumber: [
   >   "latest",
   >   false
   > ]
[2024/09/18 18:31:08.495] -    >  eth_subscribe: [
   >   "newHeads"
   > ]
[2024/09/18 18:31:08.496] -    >  eth_blockNumber: []
[2024/09/18 18:31:08.496] -    >  eth_accounts: []
[2024/09/18 18:31:08.496] -    >  eth_gasPrice: []
[2024/09/18 18:31:08.497] -    >  eth_getBlockByNumber: [
   >   "latest",
   >   false
   > ]
[2024/09/18 18:31:08.497] -    >  eth_subscribe: [
   >   "newHeads"
   > ]
[2024/09/18 18:31:08.501] -    >  eth_accounts: []
[2024/09/18 18:31:08.523] -    >  eth_getBalance: [
   >   "0x292a3d5b317608c631dc34ad5d3f2ab9246869f8",
   >   "latest"
   > ]
[2024/09/18 18:31:08.525] -    >  eth_getTransactionCount: [
   >   "0x292a3d5b317608c631dc34ad5d3f2ab9246869f8",
   >   "latest"
   > ]
[2024/09/18 18:31:08.526] -    >  eth_getBalance: [
   >   "0x8f0d29534cc4a0accdefcfed9a76a6c13e3f1f1d",
   >   "latest"
   > ]
[2024/09/18 18:31:08.528] -    >  eth_getTransactionCount: [
   >   "0x8f0d29534cc4a0accdefcfed9a76a6c13e3f1f1d",
   >   "latest"
   > ]
[2024/09/18 18:31:08.529] -    >  eth_getBalance: [
   >   "0x73e79b6be7708c368d4e2d9083f4a49379897e8a",
   >   "latest"
   > ]
[2024/09/18 18:31:08.532] -    >  eth_getTransactionCount: [
   >   "0x73e79b6be7708c368d4e2d9083f4a49379897e8a",
   >   "latest"
   > ]
[2024/09/18 18:31:08.533] -    >  eth_getBalance: [
   >   "0xa1bb6135b52aa4c22e315e42d959726dbf03aaa4",
   >   "latest"
   > ]
[2024/09/18 18:31:08.535] -    >  eth_getTransactionCount: [
   >   "0xa1bb6135b52aa4c22e315e42d959726dbf03aaa4",
   >   "latest"
   > ]
[2024/09/18 18:31:08.537] -    >  eth_getBalance: [
   >   "0x777b0d3f323bce57429b475d212b021e708f688a",
   >   "latest"
   > ]
[2024/09/18 18:31:08.540] -    >  eth_getTransactionCount: [
   >   "0x777b0d3f323bce57429b475d212b021e708f688a",
   >   "latest"
   > ]
[2024/09/18 18:31:08.542] -    >  eth_getBalance: [
   >   "0xd2372e35a2d1af632e7d75e2af7fee0ca6fc09b4",
   >   "latest"
   > ]
[2024/09/18 18:31:08.545] -    >  eth_getTransactionCount: [
   >   "0xd2372e35a2d1af632e7d75e2af7fee0ca6fc09b4",
   >   "latest"
   > ]
[2024/09/18 18:31:08.546] -    >  eth_getBalance: [
   >   "0x6659a42ff39fd726a1da26a30cd2197a167b397b",
   >   "latest"
   > ]
[2024/09/18 18:31:08.548] -    >  eth_getTransactionCount: [
   >   "0x6659a42ff39fd726a1da26a30cd2197a167b397b",
   >   "latest"
   > ]
[2024/09/18 18:31:08.550] -    >  eth_getBalance: [
   >   "0xc7451e7487d3ae63a43abc9b4adcb84d7468c680",
   >   "latest"
   > ]
[2024/09/18 18:31:08.551] -    >  eth_getTransactionCount: [
   >   "0xc7451e7487d3ae63a43abc9b4adcb84d7468c680",
   >   "latest"
   > ]
[2024/09/18 18:31:08.552] -    >  eth_getBalance: [
   >   "0x188bb03df51eae5d271547125ff3c4b87d720e17",
   >   "latest"
   > ]
[2024/09/18 18:31:08.554] -    >  eth_getTransactionCount: [
   >   "0x188bb03df51eae5d271547125ff3c4b87d720e17",
   >   "latest"
   > ]
[2024/09/18 18:31:08.555] -    >  eth_getBalance: [
   >   "0xda807ee84c9c9e537a83299992f63ddc1a236522",
   >   "latest"
   > ]
[2024/09/18 18:31:08.557] -    >  eth_getTransactionCount: [
   >   "0xda807ee84c9c9e537a83299992f63ddc1a236522",
   >   "latest"
   > ]
[2024/09/18 18:31:08.561] -    >  eth_getBalance: [
   >   "0x292a3d5b317608c631dc34ad5d3f2ab9246869f8",
   >   "latest"
   > ]
[2024/09/18 18:31:08.563] -    >  eth_getTransactionCount: [
   >   "0x292a3d5b317608c631dc34ad5d3f2ab9246869f8",
   >   "latest"
   > ]
[2024/09/18 18:31:08.565] -    >  eth_getBalance: [
   >   "0x8f0d29534cc4a0accdefcfed9a76a6c13e3f1f1d",
   >   "latest"
   > ]
[2024/09/18 18:31:08.567] -    >  eth_getTransactionCount: [
   >   "0x8f0d29534cc4a0accdefcfed9a76a6c13e3f1f1d",
   >   "latest"
   > ]
[2024/09/18 18:31:08.569] -    >  eth_getBalance: [
   >   "0x73e79b6be7708c368d4e2d9083f4a49379897e8a",
   >   "latest"
   > ]
[2024/09/18 18:31:08.571] -    >  eth_getTransactionCount: [
   >   "0x73e79b6be7708c368d4e2d9083f4a49379897e8a",
   >   "latest"
   > ]
[2024/09/18 18:31:08.572] -    >  eth_getBalance: [
   >   "0xa1bb6135b52aa4c22e315e42d959726dbf03aaa4",
   >   "latest"
   > ]
[2024/09/18 18:31:08.573] -    >  eth_getTransactionCount: [
   >   "0xa1bb6135b52aa4c22e315e42d959726dbf03aaa4",
   >   "latest"
   > ]
[2024/09/18 18:31:08.575] -    >  eth_getBalance: [
   >   "0x777b0d3f323bce57429b475d212b021e708f688a",
   >   "latest"
   > ]
[2024/09/18 18:31:08.576] -    >  eth_getTransactionCount: [
   >   "0x777b0d3f323bce57429b475d212b021e708f688a",
   >   "latest"
   > ]
[2024/09/18 18:31:08.577] -    >  eth_getBalance: [
   >   "0xd2372e35a2d1af632e7d75e2af7fee0ca6fc09b4",
   >   "latest"
   > ]
[2024/09/18 18:31:08.578] -    >  eth_getTransactionCount: [
   >   "0xd2372e35a2d1af632e7d75e2af7fee0ca6fc09b4",
   >   "latest"
   > ]
[2024/09/18 18:31:08.580] -    >  eth_getBalance: [
   >   "0x6659a42ff39fd726a1da26a30cd2197a167b397b",
   >   "latest"
   > ]
[2024/09/18 18:31:08.581] -    >  eth_getTransactionCount: [
   >   "0x6659a42ff39fd726a1da26a30cd2197a167b397b",
   >   "latest"
   > ]
[2024/09/18 18:31:08.582] -    >  eth_getBalance: [
   >   "0xc7451e7487d3ae63a43abc9b4adcb84d7468c680",
   >   "latest"
   > ]
[2024/09/18 18:31:08.584] -    >  eth_getTransactionCount: [
   >   "0xc7451e7487d3ae63a43abc9b4adcb84d7468c680",
   >   "latest"
   > ]
[2024/09/18 18:31:08.585] -    >  eth_getBalance: [
   >   "0x188bb03df51eae5d271547125ff3c4b87d720e17",
   >   "latest"
   > ]
[2024/09/18 18:31:08.587] -    >  eth_getTransactionCount: [
   >   "0x188bb03df51eae5d271547125ff3c4b87d720e17",
   >   "latest"
   > ]
[2024/09/18 18:31:08.596] -    >  eth_getBalance: [
   >   "0xda807ee84c9c9e537a83299992f63ddc1a236522",
   >   "latest"
   > ]
[2024/09/18 18:31:08.596] -    >  eth_getTransactionCount: [
   >   "0xda807ee84c9c9e537a83299992f63ddc1a236522",
   >   "latest"
   > ]
[2024/09/18 18:31:08.597] -    >  eth_getBalance: [
   >   "0x292a3d5b317608c631dc34ad5d3f2ab9246869f8",
   >   "latest"
   > ]
[2024/09/18 18:31:08.597] -    >  eth_getTransactionCount: [
   >   "0x292a3d5b317608c631dc34ad5d3f2ab9246869f8",
   >   "latest"
   > ]
[2024/09/18 18:31:08.597] -    >  eth_getBalance: [
   >   "0x8f0d29534cc4a0accdefcfed9a76a6c13e3f1f1d",
   >   "latest"
   > ]
[2024/09/18 18:31:08.598] -    >  eth_getTransactionCount: [
   >   "0x8f0d29534cc4a0accdefcfed9a76a6c13e3f1f1d",
   >   "latest"
   > ]
[2024/09/18 18:31:08.599] -    >  eth_getBalance: [
   >   "0x73e79b6be7708c368d4e2d9083f4a49379897e8a",
   >   "latest"
   > ]
[2024/09/18 18:31:08.600] -    >  eth_getTransactionCount: [
   >   "0x73e79b6be7708c368d4e2d9083f4a49379897e8a",
   >   "latest"
   > ]
[2024/09/18 18:31:08.601] -    >  eth_getBalance: [
   >   "0xa1bb6135b52aa4c22e315e42d959726dbf03aaa4",
   >   "latest"
   > ]
[2024/09/18 18:31:08.603] -    >  eth_getTransactionCount: [
   >   "0xa1bb6135b52aa4c22e315e42d959726dbf03aaa4",
   >   "latest"
   > ]
[2024/09/18 18:31:08.604] -    >  eth_getBalance: [
   >   "0x777b0d3f323bce57429b475d212b021e708f688a",
   >   "latest"
   > ]
[2024/09/18 18:31:08.606] -    >  eth_getTransactionCount: [
   >   "0x777b0d3f323bce57429b475d212b021e708f688a",
   >   "latest"
   > ]
[2024/09/18 18:31:08.607] -    >  eth_getBalance: [
   >   "0xd2372e35a2d1af632e7d75e2af7fee0ca6fc09b4",
   >   "latest"
   > ]
[2024/09/18 18:31:08.609] -    >  eth_getTransactionCount: [
   >   "0xd2372e35a2d1af632e7d75e2af7fee0ca6fc09b4",
   >   "latest"
   > ]
[2024/09/18 18:31:08.610] -    >  eth_getBalance: [
   >   "0x6659a42ff39fd726a1da26a30cd2197a167b397b",
   >   "latest"
   > ]
[2024/09/18 18:31:08.612] -    >  eth_getTransactionCount: [
   >   "0x6659a42ff39fd726a1da26a30cd2197a167b397b",
   >   "latest"
   > ]
[2024/09/18 18:31:08.614] -    >  eth_getBalance: [
   >   "0xc7451e7487d3ae63a43abc9b4adcb84d7468c680",
   >   "latest"
   > ]
[2024/09/18 18:31:08.615] -    >  eth_getTransactionCount: [
   >   "0xc7451e7487d3ae63a43abc9b4adcb84d7468c680",
   >   "latest"
   > ]
[2024/09/18 18:31:08.616] -    >  eth_getBalance: [
   >   "0x188bb03df51eae5d271547125ff3c4b87d720e17",
   >   "latest"
   > ]
[2024/09/18 18:31:08.618] -    >  eth_getTransactionCount: [
   >   "0x188bb03df51eae5d271547125ff3c4b87d720e17",
   >   "latest"
   > ]
[2024/09/18 18:31:08.619] -    >  eth_getBalance: [
   >   "0xda807ee84c9c9e537a83299992f63ddc1a236522",
   >   "latest"
   > ]
[2024/09/18 18:31:08.620] -    >  eth_getTransactionCount: [
   >   "0xda807ee84c9c9e537a83299992f63ddc1a236522",
   >   "latest"
   > ]
[2024/09/18 18:31:08.647] -    >  eth_getBalance: [
   >   "0x292a3d5b317608c631dc34ad5d3f2ab9246869f8",
   >   "latest"
   > ]
[2024/09/18 18:31:08.649] -    >  eth_getTransactionCount: [
   >   "0x292a3d5b317608c631dc34ad5d3f2ab9246869f8",
   >   "latest"
   > ]
[2024/09/18 18:31:08.651] -    >  eth_getBalance: [
   >   "0x8f0d29534cc4a0accdefcfed9a76a6c13e3f1f1d",
   >   "latest"
   > ]
[2024/09/18 18:31:08.654] -    >  eth_getTransactionCount: [
   >   "0x8f0d29534cc4a0accdefcfed9a76a6c13e3f1f1d",
   >   "latest"
   > ]
[2024/09/18 18:31:08.656] -    >  eth_getBalance: [
   >   "0x73e79b6be7708c368d4e2d9083f4a49379897e8a",
   >   "latest"
   > ]
[2024/09/18 18:31:08.657] -    >  eth_getTransactionCount: [
   >   "0x73e79b6be7708c368d4e2d9083f4a49379897e8a",
   >   "latest"
   > ]
[2024/09/18 18:31:08.658] -    >  eth_getBalance: [
   >   "0xa1bb6135b52aa4c22e315e42d959726dbf03aaa4",
   >   "latest"
   > ]
[2024/09/18 18:31:08.660] -    >  eth_getTransactionCount: [
   >   "0xa1bb6135b52aa4c22e315e42d959726dbf03aaa4",
   >   "latest"
   > ]
[2024/09/18 18:31:08.661] -    >  eth_getBalance: [
   >   "0x777b0d3f323bce57429b475d212b021e708f688a",
   >   "latest"
   > ]
[2024/09/18 18:31:08.662] -    >  eth_getTransactionCount: [
   >   "0x777b0d3f323bce57429b475d212b021e708f688a",
   >   "latest"
   > ]
[2024/09/18 18:31:08.663] -    >  eth_getBalance: [
   >   "0xd2372e35a2d1af632e7d75e2af7fee0ca6fc09b4",
   >   "latest"
   > ]
[2024/09/18 18:31:08.665] -    >  eth_getTransactionCount: [
   >   "0xd2372e35a2d1af632e7d75e2af7fee0ca6fc09b4",
   >   "latest"
   > ]
[2024/09/18 18:31:08.666] -    >  eth_getBalance: [
   >   "0x6659a42ff39fd726a1da26a30cd2197a167b397b",
   >   "latest"
   > ]
[2024/09/18 18:31:08.667] -    >  eth_getTransactionCount: [
   >   "0x6659a42ff39fd726a1da26a30cd2197a167b397b",
   >   "latest"
   > ]
[2024/09/18 18:31:08.669] -    >  eth_getBalance: [
   >   "0xc7451e7487d3ae63a43abc9b4adcb84d7468c680",
   >   "latest"
   > ]
[2024/09/18 18:31:08.670] -    >  eth_getTransactionCount: [
   >   "0xc7451e7487d3ae63a43abc9b4adcb84d7468c680",
   >   "latest"
   > ]
[2024/09/18 18:31:08.672] -    >  eth_getBalance: [
   >   "0x188bb03df51eae5d271547125ff3c4b87d720e17",
   >   "latest"
   > ]
[2024/09/18 18:31:08.673] -    >  eth_getTransactionCount: [
   >   "0x188bb03df51eae5d271547125ff3c4b87d720e17",
   >   "latest"
   > ]
[2024/09/18 18:31:08.674] -    >  eth_getBalance: [
   >   "0xda807ee84c9c9e537a83299992f63ddc1a236522",
   >   "latest"
   > ]
[2024/09/18 18:31:08.676] -    >  eth_getTransactionCount: [
   >   "0xda807ee84c9c9e537a83299992f63ddc1a236522",
   >   "latest"
   > ]
[2024/09/18 18:53:36.704] -    >  eth_unsubscribe: [
   >   "0x3"
   > ]
[2024/09/18 18:53:36.705] -    >  eth_unsubscribe: [
   >   "0x4"
   > ]
