[2024/09/18 17:04:12.209] - Starting server with initial configuration: {"gasLimit":6721975,"gasPrice":20000000000,"hardfork":"merge","hostname":"127.0.0.1","port":7545,"network_id":5777,"default_balance_ether":100,"total_accounts":10,"unlocked_accounts":[],"locked":false,"vmErrorsOnRPCResponse":true,"verbose":true,"flavor":"ethereum","db_path":"C:\\Users\\conno\\AppData\\Roaming\\Ganache\\ui\\workspaces\\bent-rail\\chaindata","mnemonic":"pet emerge demand sock sad category matrix keen salon giant apart panic","logDirectory":"C:\\Users\\conno\\Desktop\\MSC\\Project\\ganache_log"}
[2024/09/18 17:04:12.309] -    >  eth_subscribe: [
   >   "newHeads"
   > ]
[2024/09/18 17:04:12.311] -    >  eth_subscribe: [
   >   "newHeads"
   > ]
[2024/09/18 17:04:12.311] -    >  eth_getLogs: [
   >   {
   >     "fromBlock": null,
   >     "topics": []
   >   }
   > ]
[2024/09/18 17:04:12.312] -    >  eth_subscribe: [
   >   "logs",
   >   {
   >     "topics": []
   >   }
   > ]
[2024/09/18 17:04:12.312] -    >  eth_subscribe: [
   >   "newHeads"
   > ]
[2024/09/18 17:04:12.312] -    >  eth_getLogs: [
   >   {
   >     "fromBlock": null,
   >     "topics": []
   >   }
   > ]
[2024/09/18 17:04:12.313] -    >  eth_subscribe: [
   >   "logs",
   >   {
   >     "topics": []
   >   }
   > ]
[2024/09/18 17:04:12.317] -    >  eth_blockNumber: []
[2024/09/18 17:04:12.317] -    >  eth_accounts: []
[2024/09/18 17:04:12.318] -    >  eth_gasPrice: []
[2024/09/18 17:04:12.318] -    >  eth_getBlockByNumber: [
   >   "latest",
   >   false
   > ]
[2024/09/18 17:04:12.318] -    >  eth_subscribe: [
   >   "newHeads"
   > ]
[2024/09/18 17:04:12.319] -    >  eth_blockNumber: []
[2024/09/18 17:04:12.319] -    >  eth_accounts: []
[2024/09/18 17:04:12.319] -    >  eth_gasPrice: []
[2024/09/18 17:04:12.319] -    >  eth_getBlockByNumber: [
   >   "latest",
   >   false
   > ]
[2024/09/18 17:04:12.327] -    >  eth_getBalance: [
   >   "0x292a3d5b317608c631dc34ad5d3f2ab9246869f8",
   >   "latest"
   > ]
[2024/09/18 17:04:12.328] -    >  eth_getTransactionCount: [
   >   "0x292a3d5b317608c631dc34ad5d3f2ab9246869f8",
   >   "latest"
   > ]
[2024/09/18 17:04:12.330] -    >  eth_getBalance: [
   >   "0x8f0d29534cc4a0accdefcfed9a76a6c13e3f1f1d",
   >   "latest"
   > ]
[2024/09/18 17:04:12.331] -    >  eth_getTransactionCount: [
   >   "0x8f0d29534cc4a0accdefcfed9a76a6c13e3f1f1d",
   >   "latest"
   > ]
[2024/09/18 17:04:12.332] -    >  eth_getBalance: [
   >   "0x73e79b6be7708c368d4e2d9083f4a49379897e8a",
   >   "latest"
   > ]
[2024/09/18 17:04:12.332] -    >  eth_getTransactionCount: [
   >   "0x73e79b6be7708c368d4e2d9083f4a49379897e8a",
   >   "latest"
   > ]
[2024/09/18 17:04:12.333] -    >  eth_getBalance: [
   >   "0xa1bb6135b52aa4c22e315e42d959726dbf03aaa4",
   >   "latest"
   > ]
[2024/09/18 17:04:12.335] -    >  eth_getTransactionCount: [
   >   "0xa1bb6135b52aa4c22e315e42d959726dbf03aaa4",
   >   "latest"
   > ]
[2024/09/18 17:04:12.336] -    >  eth_getBalance: [
   >   "0x777b0d3f323bce57429b475d212b021e708f688a",
   >   "latest"
   > ]
[2024/09/18 17:04:12.336] -    >  eth_getTransactionCount: [
   >   "0x777b0d3f323bce57429b475d212b021e708f688a",
   >   "latest"
   > ]
[2024/09/18 17:04:12.337] -    >  eth_getBalance: [
   >   "0xd2372e35a2d1af632e7d75e2af7fee0ca6fc09b4",
   >   "latest"
   > ]
[2024/09/18 17:04:12.339] -    >  eth_getTransactionCount: [
   >   "0xd2372e35a2d1af632e7d75e2af7fee0ca6fc09b4",
   >   "latest"
   > ]
[2024/09/18 17:04:12.340] -    >  eth_getBalance: [
   >   "0x6659a42ff39fd726a1da26a30cd2197a167b397b",
   >   "latest"
   > ]
[2024/09/18 17:04:12.342] -    >  eth_getTransactionCount: [
   >   "0x6659a42ff39fd726a1da26a30cd2197a167b397b",
   >   "latest"
   > ]
[2024/09/18 17:04:12.343] -    >  eth_getBalance: [
   >   "0xc7451e7487d3ae63a43abc9b4adcb84d7468c680",
   >   "latest"
   > ]
[2024/09/18 17:04:12.344] -    >  eth_getTransactionCount: [
   >   "0xc7451e7487d3ae63a43abc9b4adcb84d7468c680",
   >   "latest"
   > ]
[2024/09/18 17:04:12.345] -    >  eth_getBalance: [
   >   "0x188bb03df51eae5d271547125ff3c4b87d720e17",
   >   "latest"
   > ]
[2024/09/18 17:04:12.345] -    >  eth_getTransactionCount: [
   >   "0x188bb03df51eae5d271547125ff3c4b87d720e17",
   >   "latest"
   > ]
[2024/09/18 17:04:12.346] -    >  eth_getBalance: [
   >   "0xda807ee84c9c9e537a83299992f63ddc1a236522",
   >   "latest"
   > ]
[2024/09/18 17:04:12.347] -    >  eth_getTransactionCount: [
   >   "0xda807ee84c9c9e537a83299992f63ddc1a236522",
   >   "latest"
   > ]
[2024/09/18 17:04:12.348] -    >  eth_getBalance: [
   >   "0x292a3d5b317608c631dc34ad5d3f2ab9246869f8",
   >   "latest"
   > ]
[2024/09/18 17:04:12.349] -    >  eth_getTransactionCount: [
   >   "0x292a3d5b317608c631dc34ad5d3f2ab9246869f8",
   >   "latest"
   > ]
[2024/09/18 17:04:12.350] -    >  eth_getBalance: [
   >   "0x8f0d29534cc4a0accdefcfed9a76a6c13e3f1f1d",
   >   "latest"
   > ]
[2024/09/18 17:04:12.351] -    >  eth_getTransactionCount: [
   >   "0x8f0d29534cc4a0accdefcfed9a76a6c13e3f1f1d",
   >   "latest"
   > ]
[2024/09/18 17:04:12.352] -    >  eth_getBalance: [
   >   "0x73e79b6be7708c368d4e2d9083f4a49379897e8a",
   >   "latest"
   > ]
[2024/09/18 17:04:12.353] -    >  eth_getTransactionCount: [
   >   "0x73e79b6be7708c368d4e2d9083f4a49379897e8a",
   >   "latest"
   > ]
[2024/09/18 17:04:12.353] -    >  eth_getBalance: [
   >   "0xa1bb6135b52aa4c22e315e42d959726dbf03aaa4",
   >   "latest"
   > ]
[2024/09/18 17:04:12.354] -    >  eth_getTransactionCount: [
   >   "0xa1bb6135b52aa4c22e315e42d959726dbf03aaa4",
   >   "latest"
   > ]
[2024/09/18 17:04:12.355] -    >  eth_getBalance: [
   >   "0x777b0d3f323bce57429b475d212b021e708f688a",
   >   "latest"
   > ]
[2024/09/18 17:04:12.356] -    >  eth_getTransactionCount: [
   >   "0x777b0d3f323bce57429b475d212b021e708f688a",
   >   "latest"
   > ]
[2024/09/18 17:04:12.357] -    >  eth_getBalance: [
   >   "0xd2372e35a2d1af632e7d75e2af7fee0ca6fc09b4",
   >   "latest"
   > ]
[2024/09/18 17:04:12.358] -    >  eth_getTransactionCount: [
   >   "0xd2372e35a2d1af632e7d75e2af7fee0ca6fc09b4",
   >   "latest"
   > ]
[2024/09/18 17:04:12.359] -    >  eth_getBalance: [
   >   "0x6659a42ff39fd726a1da26a30cd2197a167b397b",
   >   "latest"
   > ]
[2024/09/18 17:04:12.360] -    >  eth_getTransactionCount: [
   >   "0x6659a42ff39fd726a1da26a30cd2197a167b397b",
   >   "latest"
   > ]
[2024/09/18 17:04:12.361] -    >  eth_getBalance: [
   >   "0xc7451e7487d3ae63a43abc9b4adcb84d7468c680",
   >   "latest"
   > ]
[2024/09/18 17:04:12.361] -    >  eth_getTransactionCount: [
   >   "0xc7451e7487d3ae63a43abc9b4adcb84d7468c680",
   >   "latest"
   > ]
[2024/09/18 17:04:12.362] -    >  eth_getBalance: [
   >   "0x188bb03df51eae5d271547125ff3c4b87d720e17",
   >   "latest"
   > ]
[2024/09/18 17:04:12.363] -    >  eth_getTransactionCount: [
   >   "0x188bb03df51eae5d271547125ff3c4b87d720e17",
   >   "latest"
   > ]
[2024/09/18 17:04:12.364] -    >  eth_getBalance: [
   >   "0xda807ee84c9c9e537a83299992f63ddc1a236522",
   >   "latest"
   > ]
[2024/09/18 17:04:12.364] -    >  eth_getTransactionCount: [
   >   "0xda807ee84c9c9e537a83299992f63ddc1a236522",
   >   "latest"
   > ]
[2024/09/18 17:04:12.380] -    >  eth_getBalance: [
   >   "0x292a3d5b317608c631dc34ad5d3f2ab9246869f8",
   >   "latest"
   > ]
[2024/09/18 17:04:12.381] -    >  eth_getTransactionCount: [
   >   "0x292a3d5b317608c631dc34ad5d3f2ab9246869f8",
   >   "latest"
   > ]
[2024/09/18 17:04:12.382] -    >  eth_getBalance: [
   >   "0x8f0d29534cc4a0accdefcfed9a76a6c13e3f1f1d",
   >   "latest"
   > ]
[2024/09/18 17:04:12.383] -    >  eth_getTransactionCount: [
   >   "0x8f0d29534cc4a0accdefcfed9a76a6c13e3f1f1d",
   >   "latest"
   > ]
[2024/09/18 17:04:12.384] -    >  eth_getBalance: [
   >   "0x73e79b6be7708c368d4e2d9083f4a49379897e8a",
   >   "latest"
   > ]
[2024/09/18 17:04:12.384] -    >  eth_getTransactionCount: [
   >   "0x73e79b6be7708c368d4e2d9083f4a49379897e8a",
   >   "latest"
   > ]
[2024/09/18 17:04:12.385] -    >  eth_getBalance: [
   >   "0xa1bb6135b52aa4c22e315e42d959726dbf03aaa4",
   >   "latest"
   > ]
[2024/09/18 17:04:12.387] -    >  eth_getTransactionCount: [
   >   "0xa1bb6135b52aa4c22e315e42d959726dbf03aaa4",
   >   "latest"
   > ]
[2024/09/18 17:04:12.388] -    >  eth_getBalance: [
   >   "0x777b0d3f323bce57429b475d212b021e708f688a",
   >   "latest"
   > ]
[2024/09/18 17:04:12.389] -    >  eth_getTransactionCount: [
   >   "0x777b0d3f323bce57429b475d212b021e708f688a",
   >   "latest"
   > ]
[2024/09/18 17:04:12.390] -    >  eth_getBalance: [
   >   "0xd2372e35a2d1af632e7d75e2af7fee0ca6fc09b4",
   >   "latest"
   > ]
[2024/09/18 17:04:12.391] -    >  eth_getTransactionCount: [
   >   "0xd2372e35a2d1af632e7d75e2af7fee0ca6fc09b4",
   >   "latest"
   > ]
[2024/09/18 17:04:12.392] -    >  eth_getBalance: [
   >   "0x6659a42ff39fd726a1da26a30cd2197a167b397b",
   >   "latest"
   > ]
[2024/09/18 17:04:12.393] -    >  eth_getTransactionCount: [
   >   "0x6659a42ff39fd726a1da26a30cd2197a167b397b",
   >   "latest"
   > ]
[2024/09/18 17:04:12.394] -    >  eth_getBalance: [
   >   "0xc7451e7487d3ae63a43abc9b4adcb84d7468c680",
   >   "latest"
   > ]
[2024/09/18 17:04:12.395] -    >  eth_getTransactionCount: [
   >   "0xc7451e7487d3ae63a43abc9b4adcb84d7468c680",
   >   "latest"
   > ]
[2024/09/18 17:04:12.396] -    >  eth_getBalance: [
   >   "0x188bb03df51eae5d271547125ff3c4b87d720e17",
   >   "latest"
   > ]
[2024/09/18 17:04:12.396] -    >  eth_getTransactionCount: [
   >   "0x188bb03df51eae5d271547125ff3c4b87d720e17",
   >   "latest"
   > ]
[2024/09/18 17:04:12.397] -    >  eth_getBalance: [
   >   "0xda807ee84c9c9e537a83299992f63ddc1a236522",
   >   "latest"
   > ]
[2024/09/18 17:04:12.398] -    >  eth_getTransactionCount: [
   >   "0xda807ee84c9c9e537a83299992f63ddc1a236522",
   >   "latest"
   > ]
[2024/09/18 17:04:12.399] -    >  eth_getBalance: [
   >   "0x292a3d5b317608c631dc34ad5d3f2ab9246869f8",
   >   "latest"
   > ]
[2024/09/18 17:04:12.399] -    >  eth_getTransactionCount: [
   >   "0x292a3d5b317608c631dc34ad5d3f2ab9246869f8",
   >   "latest"
   > ]
[2024/09/18 17:04:12.400] -    >  eth_getBalance: [
   >   "0x8f0d29534cc4a0accdefcfed9a76a6c13e3f1f1d",
   >   "latest"
   > ]
[2024/09/18 17:04:12.401] -    >  eth_getTransactionCount: [
   >   "0x8f0d29534cc4a0accdefcfed9a76a6c13e3f1f1d",
   >   "latest"
   > ]
[2024/09/18 17:04:12.402] -    >  eth_getBalance: [
   >   "0x73e79b6be7708c368d4e2d9083f4a49379897e8a",
   >   "latest"
   > ]
[2024/09/18 17:04:12.402] -    >  eth_getTransactionCount: [
   >   "0x73e79b6be7708c368d4e2d9083f4a49379897e8a",
   >   "latest"
   > ]
[2024/09/18 17:04:12.403] -    >  eth_getBalance: [
   >   "0xa1bb6135b52aa4c22e315e42d959726dbf03aaa4",
   >   "latest"
   > ]
[2024/09/18 17:04:12.404] -    >  eth_getTransactionCount: [
   >   "0xa1bb6135b52aa4c22e315e42d959726dbf03aaa4",
   >   "latest"
   > ]
[2024/09/18 17:04:12.405] -    >  eth_getBalance: [
   >   "0x777b0d3f323bce57429b475d212b021e708f688a",
   >   "latest"
   > ]
[2024/09/18 17:04:12.406] -    >  eth_getTransactionCount: [
   >   "0x777b0d3f323bce57429b475d212b021e708f688a",
   >   "latest"
   > ]
[2024/09/18 17:04:12.407] -    >  eth_getBalance: [
   >   "0xd2372e35a2d1af632e7d75e2af7fee0ca6fc09b4",
   >   "latest"
   > ]
[2024/09/18 17:04:12.408] -    >  eth_getTransactionCount: [
   >   "0xd2372e35a2d1af632e7d75e2af7fee0ca6fc09b4",
   >   "latest"
   > ]
[2024/09/18 17:04:12.409] -    >  eth_getBalance: [
   >   "0x6659a42ff39fd726a1da26a30cd2197a167b397b",
   >   "latest"
   > ]
[2024/09/18 17:04:12.409] -    >  eth_getTransactionCount: [
   >   "0x6659a42ff39fd726a1da26a30cd2197a167b397b",
   >   "latest"
   > ]
[2024/09/18 17:04:12.410] -    >  eth_getBalance: [
   >   "0xc7451e7487d3ae63a43abc9b4adcb84d7468c680",
   >   "latest"
   > ]
[2024/09/18 17:04:12.411] -    >  eth_getTransactionCount: [
   >   "0xc7451e7487d3ae63a43abc9b4adcb84d7468c680",
   >   "latest"
   > ]
[2024/09/18 17:04:12.412] -    >  eth_getBalance: [
   >   "0x188bb03df51eae5d271547125ff3c4b87d720e17",
   >   "latest"
   > ]
[2024/09/18 17:04:12.412] -    >  eth_getTransactionCount: [
   >   "0x188bb03df51eae5d271547125ff3c4b87d720e17",
   >   "latest"
   > ]
[2024/09/18 17:04:12.413] -    >  eth_getBalance: [
   >   "0xda807ee84c9c9e537a83299992f63ddc1a236522",
   >   "latest"
   > ]
[2024/09/18 17:04:12.414] -    >  eth_getTransactionCount: [
   >   "0xda807ee84c9c9e537a83299992f63ddc1a236522",
   >   "latest"
   > ]
[2024/09/18 17:04:39.761] -    >  eth_blockNumber: []
[2024/09/18 17:04:39.771] -    >  net_version: []
[2024/09/18 17:04:39.775] -    >  eth_accounts: []
[2024/09/18 17:05:34.834] -    >  eth_blockNumber: []
[2024/09/18 17:05:34.845] -    >  net_version: []
[2024/09/18 17:05:34.849] -    >  eth_accounts: []
[2024/09/18 17:53:03.281] -    >  eth_blockNumber: []
[2024/09/18 17:53:03.303] -    >  net_version: []
[2024/09/18 17:54:14.649] -    >  eth_blockNumber: []
[2024/09/18 17:54:14.686] -    >  net_version: []
[2024/09/18 17:57:39.339] -    >  eth_blockNumber: []
[2024/09/18 17:57:39.360] -    >  net_version: []
[2024/09/18 18:03:11.364] -    >  eth_blockNumber: []
[2024/09/18 18:03:11.404] -    >  net_version: []
[2024/09/18 18:03:11.412] -    >  eth_accounts: []
[2024/09/18 18:04:25.040] -    >  eth_unsubscribe: [
   >   "0x4"
   > ]
[2024/09/18 18:04:25.041] -    >  eth_unsubscribe: [
   >   "0x5"
   > ]
