[2024/09/18 18:07:44.990] - Starting server with initial configuration: {"gasLimit":6721975,"gasPrice":20000000000,"hardfork":"merge","hostname":"127.0.0.1","port":7545,"network_id":5777,"default_balance_ether":100,"total_accounts":10,"unlocked_accounts":[],"locked":false,"vmErrorsOnRPCResponse":true,"verbose":true,"flavor":"ethereum","db_path":"C:\\Users\\conno\\AppData\\Roaming\\Ganache\\ui\\workspaces\\bent-rail\\chaindata","mnemonic":"pet emerge demand sock sad category matrix keen salon giant apart panic","logDirectory":"C:\\Users\\conno\\Desktop\\MSC\\Project\\ganache_log"}
[2024/09/18 18:07:45.162] -    >  eth_blockNumber: []
[2024/09/18 18:07:45.162] -    >  eth_accounts: []
[2024/09/18 18:07:45.163] -    >  eth_gasPrice: []
[2024/09/18 18:07:45.163] -    >  eth_getBlockByNumber: [
   >   "latest",
   >   false
   > ]
[2024/09/18 18:07:45.165] -    >  eth_subscribe: [
   >   "newHeads"
   > ]
[2024/09/18 18:07:45.166] -    >  eth_blockNumber: []
[2024/09/18 18:07:45.166] -    >  eth_accounts: []
[2024/09/18 18:07:45.166] -    >  eth_gasPrice: []
[2024/09/18 18:07:45.167] -    >  eth_getBlockByNumber: [
   >   "latest",
   >   false
   > ]
[2024/09/18 18:07:45.167] -    >  eth_subscribe: [
   >   "newHeads"
   > ]
[2024/09/18 18:07:45.190] -    >  eth_getBalance: [
   >   "0x292a3d5b317608c631dc34ad5d3f2ab9246869f8",
   >   "latest"
   > ]
[2024/09/18 18:07:45.193] -    >  eth_getTransactionCount: [
   >   "0x292a3d5b317608c631dc34ad5d3f2ab9246869f8",
   >   "latest"
   > ]
[2024/09/18 18:07:45.194] -    >  eth_getBalance: [
   >   "0x8f0d29534cc4a0accdefcfed9a76a6c13e3f1f1d",
   >   "latest"
   > ]
[2024/09/18 18:07:45.196] -    >  eth_getTransactionCount: [
   >   "0x8f0d29534cc4a0accdefcfed9a76a6c13e3f1f1d",
   >   "latest"
   > ]
[2024/09/18 18:07:45.199] -    >  eth_getBalance: [
   >   "0x73e79b6be7708c368d4e2d9083f4a49379897e8a",
   >   "latest"
   > ]
[2024/09/18 18:07:45.202] -    >  eth_getTransactionCount: [
   >   "0x73e79b6be7708c368d4e2d9083f4a49379897e8a",
   >   "latest"
   > ]
[2024/09/18 18:07:45.205] -    >  eth_getBalance: [
   >   "0xa1bb6135b52aa4c22e315e42d959726dbf03aaa4",
   >   "latest"
   > ]
[2024/09/18 18:07:45.207] -    >  eth_getTransactionCount: [
   >   "0xa1bb6135b52aa4c22e315e42d959726dbf03aaa4",
   >   "latest"
   > ]
[2024/09/18 18:07:45.208] -    >  eth_getBalance: [
   >   "0x777b0d3f323bce57429b475d212b021e708f688a",
   >   "latest"
   > ]
[2024/09/18 18:07:45.210] -    >  eth_getTransactionCount: [
   >   "0x777b0d3f323bce57429b475d212b021e708f688a",
   >   "latest"
   > ]
[2024/09/18 18:07:45.212] -    >  eth_getBalance: [
   >   "0xd2372e35a2d1af632e7d75e2af7fee0ca6fc09b4",
   >   "latest"
   > ]
[2024/09/18 18:07:45.213] -    >  eth_getTransactionCount: [
   >   "0xd2372e35a2d1af632e7d75e2af7fee0ca6fc09b4",
   >   "latest"
   > ]
[2024/09/18 18:07:45.214] -    >  eth_getBalance: [
   >   "0x6659a42ff39fd726a1da26a30cd2197a167b397b",
   >   "latest"
   > ]
[2024/09/18 18:07:45.215] -    >  eth_getTransactionCount: [
   >   "0x6659a42ff39fd726a1da26a30cd2197a167b397b",
   >   "latest"
   > ]
[2024/09/18 18:07:45.216] -    >  eth_getBalance: [
   >   "0xc7451e7487d3ae63a43abc9b4adcb84d7468c680",
   >   "latest"
   > ]
[2024/09/18 18:07:45.217] -    >  eth_getTransactionCount: [
   >   "0xc7451e7487d3ae63a43abc9b4adcb84d7468c680",
   >   "latest"
   > ]
[2024/09/18 18:07:45.219] -    >  eth_getBalance: [
   >   "0x188bb03df51eae5d271547125ff3c4b87d720e17",
   >   "latest"
   > ]
[2024/09/18 18:07:45.220] -    >  eth_getTransactionCount: [
   >   "0x188bb03df51eae5d271547125ff3c4b87d720e17",
   >   "latest"
   > ]
[2024/09/18 18:07:45.221] -    >  eth_getBalance: [
   >   "0xda807ee84c9c9e537a83299992f63ddc1a236522",
   >   "latest"
   > ]
[2024/09/18 18:07:45.223] -    >  eth_getTransactionCount: [
   >   "0xda807ee84c9c9e537a83299992f63ddc1a236522",
   >   "latest"
   > ]
[2024/09/18 18:07:45.225] -    >  eth_getBalance: [
   >   "0x292a3d5b317608c631dc34ad5d3f2ab9246869f8",
   >   "latest"
   > ]
[2024/09/18 18:07:45.227] -    >  eth_getTransactionCount: [
   >   "0x292a3d5b317608c631dc34ad5d3f2ab9246869f8",
   >   "latest"
   > ]
[2024/09/18 18:07:45.229] -    >  eth_getBalance: [
   >   "0x8f0d29534cc4a0accdefcfed9a76a6c13e3f1f1d",
   >   "latest"
   > ]
[2024/09/18 18:07:45.230] -    >  eth_getTransactionCount: [
   >   "0x8f0d29534cc4a0accdefcfed9a76a6c13e3f1f1d",
   >   "latest"
   > ]
[2024/09/18 18:07:45.231] -    >  eth_getBalance: [
   >   "0x73e79b6be7708c368d4e2d9083f4a49379897e8a",
   >   "latest"
   > ]
[2024/09/18 18:07:45.232] -    >  eth_getTransactionCount: [
   >   "0x73e79b6be7708c368d4e2d9083f4a49379897e8a",
   >   "latest"
   > ]
[2024/09/18 18:07:45.233] -    >  eth_getBalance: [
   >   "0xa1bb6135b52aa4c22e315e42d959726dbf03aaa4",
   >   "latest"
   > ]
[2024/09/18 18:07:45.234] -    >  eth_getTransactionCount: [
   >   "0xa1bb6135b52aa4c22e315e42d959726dbf03aaa4",
   >   "latest"
   > ]
[2024/09/18 18:07:45.236] -    >  eth_getBalance: [
   >   "0x777b0d3f323bce57429b475d212b021e708f688a",
   >   "latest"
   > ]
[2024/09/18 18:07:45.237] -    >  eth_getTransactionCount: [
   >   "0x777b0d3f323bce57429b475d212b021e708f688a",
   >   "latest"
   > ]
[2024/09/18 18:07:45.238] -    >  eth_getBalance: [
   >   "0xd2372e35a2d1af632e7d75e2af7fee0ca6fc09b4",
   >   "latest"
   > ]
[2024/09/18 18:07:45.239] -    >  eth_getTransactionCount: [
   >   "0xd2372e35a2d1af632e7d75e2af7fee0ca6fc09b4",
   >   "latest"
   > ]
[2024/09/18 18:07:45.240] -    >  eth_getBalance: [
   >   "0x6659a42ff39fd726a1da26a30cd2197a167b397b",
   >   "latest"
   > ]
[2024/09/18 18:07:45.241] -    >  eth_getTransactionCount: [
   >   "0x6659a42ff39fd726a1da26a30cd2197a167b397b",
   >   "latest"
   > ]
[2024/09/18 18:07:45.242] -    >  eth_getBalance: [
   >   "0xc7451e7487d3ae63a43abc9b4adcb84d7468c680",
   >   "latest"
   > ]
[2024/09/18 18:07:45.244] -    >  eth_getTransactionCount: [
   >   "0xc7451e7487d3ae63a43abc9b4adcb84d7468c680",
   >   "latest"
   > ]
[2024/09/18 18:07:45.245] -    >  eth_getBalance: [
   >   "0x188bb03df51eae5d271547125ff3c4b87d720e17",
   >   "latest"
   > ]
[2024/09/18 18:07:45.246] -    >  eth_getTransactionCount: [
   >   "0x188bb03df51eae5d271547125ff3c4b87d720e17",
   >   "latest"
   > ]
[2024/09/18 18:07:45.248] -    >  eth_getBalance: [
   >   "0xda807ee84c9c9e537a83299992f63ddc1a236522",
   >   "latest"
   > ]
[2024/09/18 18:07:45.249] -    >  eth_getTransactionCount: [
   >   "0xda807ee84c9c9e537a83299992f63ddc1a236522",
   >   "latest"
   > ]
[2024/09/18 18:07:45.277] -    >  eth_getBalance: [
   >   "0x292a3d5b317608c631dc34ad5d3f2ab9246869f8",
   >   "latest"
   > ]
[2024/09/18 18:07:45.279] -    >  eth_getTransactionCount: [
   >   "0x292a3d5b317608c631dc34ad5d3f2ab9246869f8",
   >   "latest"
   > ]
[2024/09/18 18:07:45.280] -    >  eth_getBalance: [
   >   "0x8f0d29534cc4a0accdefcfed9a76a6c13e3f1f1d",
   >   "latest"
   > ]
[2024/09/18 18:07:45.281] -    >  eth_getTransactionCount: [
   >   "0x8f0d29534cc4a0accdefcfed9a76a6c13e3f1f1d",
   >   "latest"
   > ]
[2024/09/18 18:07:45.282] -    >  eth_getBalance: [
   >   "0x73e79b6be7708c368d4e2d9083f4a49379897e8a",
   >   "latest"
   > ]
[2024/09/18 18:07:45.284] -    >  eth_getTransactionCount: [
   >   "0x73e79b6be7708c368d4e2d9083f4a49379897e8a",
   >   "latest"
   > ]
[2024/09/18 18:07:45.285] -    >  eth_getBalance: [
   >   "0xa1bb6135b52aa4c22e315e42d959726dbf03aaa4",
   >   "latest"
   > ]
[2024/09/18 18:07:45.286] -    >  eth_getTransactionCount: [
   >   "0xa1bb6135b52aa4c22e315e42d959726dbf03aaa4",
   >   "latest"
   > ]
[2024/09/18 18:07:45.287] -    >  eth_getBalance: [
   >   "0x777b0d3f323bce57429b475d212b021e708f688a",
   >   "latest"
   > ]
[2024/09/18 18:07:45.288] -    >  eth_getTransactionCount: [
   >   "0x777b0d3f323bce57429b475d212b021e708f688a",
   >   "latest"
   > ]
[2024/09/18 18:07:45.289] -    >  eth_getBalance: [
   >   "0xd2372e35a2d1af632e7d75e2af7fee0ca6fc09b4",
   >   "latest"
   > ]
[2024/09/18 18:07:45.291] -    >  eth_getTransactionCount: [
   >   "0xd2372e35a2d1af632e7d75e2af7fee0ca6fc09b4",
   >   "latest"
   > ]
[2024/09/18 18:07:45.291] -    >  eth_getBalance: [
   >   "0x6659a42ff39fd726a1da26a30cd2197a167b397b",
   >   "latest"
   > ]
[2024/09/18 18:07:45.292] -    >  eth_getTransactionCount: [
   >   "0x6659a42ff39fd726a1da26a30cd2197a167b397b",
   >   "latest"
   > ]
[2024/09/18 18:07:45.293] -    >  eth_getBalance: [
   >   "0xc7451e7487d3ae63a43abc9b4adcb84d7468c680",
   >   "latest"
   > ]
[2024/09/18 18:07:45.294] -    >  eth_getTransactionCount: [
   >   "0xc7451e7487d3ae63a43abc9b4adcb84d7468c680",
   >   "latest"
   > ]
[2024/09/18 18:07:45.295] -    >  eth_getBalance: [
   >   "0x188bb03df51eae5d271547125ff3c4b87d720e17",
   >   "latest"
   > ]
[2024/09/18 18:07:45.296] -    >  eth_getTransactionCount: [
   >   "0x188bb03df51eae5d271547125ff3c4b87d720e17",
   >   "latest"
   > ]
[2024/09/18 18:07:45.299] -    >  eth_getBalance: [
   >   "0xda807ee84c9c9e537a83299992f63ddc1a236522",
   >   "latest"
   > ]
[2024/09/18 18:07:45.300] -    >  eth_getTransactionCount: [
   >   "0xda807ee84c9c9e537a83299992f63ddc1a236522",
   >   "latest"
   > ]
[2024/09/18 18:07:45.301] -    >  eth_getBalance: [
   >   "0x292a3d5b317608c631dc34ad5d3f2ab9246869f8",
   >   "latest"
   > ]
[2024/09/18 18:07:45.303] -    >  eth_getTransactionCount: [
   >   "0x292a3d5b317608c631dc34ad5d3f2ab9246869f8",
   >   "latest"
   > ]
[2024/09/18 18:07:45.304] -    >  eth_getBalance: [
   >   "0x8f0d29534cc4a0accdefcfed9a76a6c13e3f1f1d",
   >   "latest"
   > ]
[2024/09/18 18:07:45.305] -    >  eth_getTransactionCount: [
   >   "0x8f0d29534cc4a0accdefcfed9a76a6c13e3f1f1d",
   >   "latest"
   > ]
[2024/09/18 18:07:45.307] -    >  eth_getBalance: [
   >   "0x73e79b6be7708c368d4e2d9083f4a49379897e8a",
   >   "latest"
   > ]
[2024/09/18 18:07:45.308] -    >  eth_getTransactionCount: [
   >   "0x73e79b6be7708c368d4e2d9083f4a49379897e8a",
   >   "latest"
   > ]
[2024/09/18 18:07:45.309] -    >  eth_getBalance: [
   >   "0xa1bb6135b52aa4c22e315e42d959726dbf03aaa4",
   >   "latest"
   > ]
[2024/09/18 18:07:45.310] -    >  eth_getTransactionCount: [
   >   "0xa1bb6135b52aa4c22e315e42d959726dbf03aaa4",
   >   "latest"
   > ]
[2024/09/18 18:07:45.311] -    >  eth_getBalance: [
   >   "0x777b0d3f323bce57429b475d212b021e708f688a",
   >   "latest"
   > ]
[2024/09/18 18:07:45.312] -    >  eth_getTransactionCount: [
   >   "0x777b0d3f323bce57429b475d212b021e708f688a",
   >   "latest"
   > ]
[2024/09/18 18:07:45.314] -    >  eth_getBalance: [
   >   "0xd2372e35a2d1af632e7d75e2af7fee0ca6fc09b4",
   >   "latest"
   > ]
[2024/09/18 18:07:45.315] -    >  eth_getTransactionCount: [
   >   "0xd2372e35a2d1af632e7d75e2af7fee0ca6fc09b4",
   >   "latest"
   > ]
[2024/09/18 18:07:45.316] -    >  eth_getBalance: [
   >   "0x6659a42ff39fd726a1da26a30cd2197a167b397b",
   >   "latest"
   > ]
[2024/09/18 18:07:45.317] -    >  eth_getTransactionCount: [
   >   "0x6659a42ff39fd726a1da26a30cd2197a167b397b",
   >   "latest"
   > ]
[2024/09/18 18:07:45.318] -    >  eth_getBalance: [
   >   "0xc7451e7487d3ae63a43abc9b4adcb84d7468c680",
   >   "latest"
   > ]
[2024/09/18 18:07:45.319] -    >  eth_getTransactionCount: [
   >   "0xc7451e7487d3ae63a43abc9b4adcb84d7468c680",
   >   "latest"
   > ]
[2024/09/18 18:07:45.320] -    >  eth_getBalance: [
   >   "0x188bb03df51eae5d271547125ff3c4b87d720e17",
   >   "latest"
   > ]
[2024/09/18 18:07:45.321] -    >  eth_getTransactionCount: [
   >   "0x188bb03df51eae5d271547125ff3c4b87d720e17",
   >   "latest"
   > ]
[2024/09/18 18:07:45.321] -    >  eth_getBalance: [
   >   "0xda807ee84c9c9e537a83299992f63ddc1a236522",
   >   "latest"
   > ]
[2024/09/18 18:07:45.322] -    >  eth_getTransactionCount: [
   >   "0xda807ee84c9c9e537a83299992f63ddc1a236522",
   >   "latest"
   > ]
[2024/09/18 18:07:45.555] -    >  eth_subscribe: [
   >   "newHeads"
   > ]
[2024/09/18 18:07:45.555] -    >  eth_getLogs: [
   >   {
   >     "fromBlock": null,
   >     "topics": []
   >   }
   > ]
[2024/09/18 18:07:45.556] -    >  eth_subscribe: [
   >   "logs",
   >   {
   >     "topics": []
   >   }
   > ]
[2024/09/18 18:07:45.556] -    >  eth_subscribe: [
   >   "newHeads"
   > ]
[2024/09/18 18:07:45.557] -    >  eth_getLogs: [
   >   {
   >     "fromBlock": null,
   >     "topics": []
   >   }
   > ]
[2024/09/18 18:07:45.557] -    >  eth_subscribe: [
   >   "logs",
   >   {
   >     "topics": []
   >   }
   > ]
[2024/09/18 18:08:32.069] -    >  eth_blockNumber: []
[2024/09/18 18:08:32.096] -    >  net_version: []
[2024/09/18 18:08:32.108] -    >  eth_accounts: []
[2024/09/18 18:08:39.182] -    >  eth_getBlockByNumber: [
   >   "0x0",
   >   false
   > ]
[2024/09/18 18:08:39.194] -    >  eth_getLogs: [
   >   {
   >     "fromBlock": "0x0",
   >     "toBlock": "0x0",
   >     "topics": []
   >   }
   > ]
[2024/09/18 18:10:37.480] -    >  eth_blockNumber: []
[2024/09/18 18:10:37.509] -    >  net_version: []
[2024/09/18 18:10:37.514] -    >  eth_accounts: []
[2024/09/18 18:10:43.530] -    >  eth_unsubscribe: [
   >   "0x5"
   > ]
[2024/09/18 18:10:43.531] -    >  eth_unsubscribe: [
   >   "0x6"
   > ]
